make all --print-data-base --no-builtin-variables --no-builtin-rules --question
# GNU Make 3.81
# Copyright (C) 2006  Free Software Foundation, Inc.
# This is free software; see the source for copying conditions.
# There is NO warranty; not even for MERCHANTABILITY or FITNESS FOR A
# PARTICULAR PURPOSE.

# This program built for i386-apple-darwin11.3.0

# Make data base, printed on Mon Mar  7 00:46:42 2022

# Variables

# automatic
<D = $(patsubst %/,%,$(dir $<))
# automatic
?F = $(notdir $?)
# environment
OPAM_SWITCH_PREFIX = /Users/nicolasdubuisson/.opam/4.11.1
# environment
ELECTRON_NO_ATTACH_CONSOLE = 1
# environment
OCAML_TOPLEVEL_PATH = /Users/nicolasdubuisson/.opam/4.11.1/lib/toplevel
# environment
LC_CTYPE = UTF-8
# environment
VSCODE_LOG_NATIVE = false
# automatic
?D = $(patsubst %/,%,$(dir $?))
# automatic
@D = $(patsubst %/,%,$(dir $@))
# automatic
@F = $(notdir $@)
# makefile
CURDIR := /Users/nicolasdubuisson/GitHub_Project/Morpion
# makefile
SHELL = /bin/sh
# environment
VSCODE_NLS_CONFIG = {"locale":"fr","availableLanguages":{"*":"fr"},"_languagePackId":"f8b5d04ba37ca9afcbf5f090afa58c3b.fr","_translationsConfigFile":"/Users/nicolasdubuisson/Library/Application Support/Code/clp/f8b5d04ba37ca9afcbf5f090afa58c3b.fr/tcf.json","_cacheRoot":"/Users/nicolasdubuisson/Library/Application Support/Code/clp/f8b5d04ba37ca9afcbf5f090afa58c3b.fr","_resolvedLanguagePackCoreLocation":"/Users/nicolasdubuisson/Library/Application Support/Code/clp/f8b5d04ba37ca9afcbf5f090afa58c3b.fr/b5205cc8eb4fbaa726835538cd82372cc0222d43","_corruptedFile":"/Users/nicolasdubuisson/Library/Application Support/Code/clp/f8b5d04ba37ca9afcbf5f090afa58c3b.fr/corrupted.info","_languagePackSupport":true}
# environment
_ = /usr/bin/make
# makefile (from `makefile', line 1)
CFLAGS = -Wall -g -std=c99
# makefile (from `makefile', line 1)
MAKEFILE_LIST :=  makefile
# environment
VSCODE_VERBOSE_LOGGING = true
# environment
__CFBundleIdentifier = com.microsoft.VSCode
# environment
VSCODE_IPC_HOOK_EXTHOST = /var/folders/sz/xc66r65j2998q0dcz1cvhs500000gn/T/vscode-ipc-2151f19b-310b-44b1-90de-b28c039fc949.sock
# environment
VSCODE_CWD = /Users/nicolasdubuisson/GitHub_Project/Morpion
# environment
PATH = /Users/nicolasdubuisson/.opam/4.11.1/bin:/Library/Frameworks/Python.framework/Versions/3.9/bin:/usr/local/bin:/usr/bin:/bin:/usr/sbin:/sbin:/usr/local/share/dotnet:~/.dotnet/tools:/Library/Apple/usr/bin:/Library/Frameworks/Mono.framework/Versions/Current/Commands
# environment
VSCODE_LOG_STACK = false
# environment
ELECTRON_RUN_AS_NODE = 1
# default
.FEATURES := target-specific order-only second-expansion else-if archives jobserver check-symlink
# environment
SSH_AUTH_SOCK = /private/tmp/com.apple.launchd.sRRM6gmDHV/Listeners
# automatic
%F = $(notdir $%)
# environment
VSCODE_PIPE_LOGGING = true
# environment
PWD = /Users/nicolasdubuisson/GitHub_Project/Morpion
# environment
ORIGINAL_XDG_CURRENT_DESKTOP = undefined
# environment
VSCODE_AMD_ENTRYPOINT = vs/workbench/api/node/extensionHostProcess
# environment
HOME = /Users/nicolasdubuisson
# default
MAKEFILEPATH := /Applications/Xcode.app/Contents/Developer/Makefiles
# environment
VSCODE_CLI = 1
# environment
VSCODE_CODE_CACHE_PATH = /Users/nicolasdubuisson/Library/Application Support/Code/CachedData/b5205cc8eb4fbaa726835538cd82372cc0222d43
# environment
LOGNAME = nicolasdubuisson
# environment
APPLICATION_INSIGHTS_NO_DIAGNOSTIC_CHANNEL = 1
# environment
VSCODE_HANDLES_UNCAUGHT_ERRORS = true
# automatic
^D = $(patsubst %/,%,$(dir $^))
# environment
XPC_FLAGS = 0x0
# default
MAKE = $(MAKE_COMMAND)
# default
MAKECMDGOALS := all
# environment
SHLVL = 3
# default
MAKE_VERSION := 3.81
# environment
USER = nicolasdubuisson
# environment
CAML_LD_LIBRARY_PATH = /Users/nicolasdubuisson/.opam/4.11.1/lib/stublibs:/Users/nicolasdubuisson/.opam/4.11.1/lib/ocaml/stublibs:/Users/nicolasdubuisson/.opam/4.11.1/lib/ocaml
# makefile
.DEFAULT_GOAL := all
# environment
TERM_SESSION_ID = BFA29E46-3036-4227-A7E0-D0878043A81C
# automatic
%D = $(patsubst %/,%,$(dir $%))
# default
MAKE_COMMAND := /Applications/Xcode.app/Contents/Developer/usr/bin/make
# environment
TERM_PROGRAM = Apple_Terminal
# default
.VARIABLES := 
# environment
TMPDIR = /var/folders/sz/xc66r65j2998q0dcz1cvhs500000gn/T/
# automatic
*F = $(notdir $*)
# environment
VSCODE_IPC_HOOK = /Users/nicolasdubuisson/Library/Application Support/Code/1.65.0-main.sock
# makefile
MAKEFLAGS = Rrqp
# environment
MFLAGS = -Rrqp
# automatic
*D = $(patsubst %/,%,$(dir $*))
# environment
TERM_PROGRAM_VERSION = 443
# environment
XPC_SERVICE_NAME = application.com.microsoft.VSCode.255347419.255347425.E23D3771-EDE5-409A-B2C6-398BF7B1E849
# automatic
+D = $(patsubst %/,%,$(dir $+))
# automatic
+F = $(notdir $+)
# environment
__CF_USER_TEXT_ENCODING = 0x1F5:0x0:0x0
# environment
COMMAND_MODE = unix2003
# default
MAKEFILES := 
# automatic
<F = $(notdir $<)
# environment
LC_ALL = C
# automatic
^F = $(notdir $^)
# default
SUFFIXES := 
# default
.INCLUDE_DIRS = /usr/local/include
# environment
MAKELEVEL := 0
# environment
LANG = C
# environment
TERM = xterm-256color
# environment
VSCODE_PID = 1396
# variable set hash-table stats:
# Load=73/1024=7%, Rehash=0, Collisions=1/97=1%

# Pattern-specific Variable Values

# No pattern-specific variable values.

# Directories

# . (device 16777224, inode 253989313): 17 files, no impossibilities.

# 17 files, no impossibilities in 1 directories.

# Implicit Rules

# No implicit rules.

# Files

all: game
#  Phony target (prerequisite of .PHONY).
#  Command-line target.
#  Implicit rule search has not been done.
#  File does not exist.
#  File has been updated.
#  Successfully updated.
# variable set hash-table stats:
# Load=0/32=0%, Rehash=0, Collisions=0/0=0%

rm:
#  Implicit rule search has not been done.
#  Modification time never checked.
#  File has not been updated.
#  commands to execute (from `makefile', line 8):
	rm -f *.o game *.txt
	

.PHONY: all
#  Implicit rule search has not been done.
#  Modification time never checked.
#  File has not been updated.

# Not a target:
.SUFFIXES:
#  Implicit rule search has not been done.
#  Modification time never checked.
#  File has not been updated.

# Not a target:
makefile:
#  Implicit rule search has been done.
#  Last modified 2022-02-18 13:59:51
#  File has been updated.
#  Successfully updated.
# variable set hash-table stats:
# Load=0/32=0%, Rehash=0, Collisions=0/0=0%

# Not a target:
game_save.o:
#  Implicit rule search has been done.
#  Last modified 2022-02-22 17:27:27
#  File has been updated.
#  Successfully updated.
# variable set hash-table stats:
# Load=0/32=0%, Rehash=0, Collisions=0/0=0%

# Not a target:
.DEFAULT:
#  Implicit rule search has not been done.
#  Modification time never checked.
#  File has not been updated.

game: game.o game_print.o game_save.o
#  Implicit rule search has been done.
#  Last modified 2022-02-22 17:27:27
#  File has been updated.
#  Successfully updated.
# variable set hash-table stats:
# Load=0/32=0%, Rehash=0, Collisions=0/0=0%

# Not a target:
game.o:
#  Implicit rule search has been done.
#  Last modified 2022-02-22 17:27:27
#  File has been updated.
#  Successfully updated.
# variable set hash-table stats:
# Load=0/32=0%, Rehash=0, Collisions=0/0=0%

# Not a target:
game_print.o:
#  Implicit rule search has been done.
#  Last modified 2022-02-22 17:27:27
#  File has been updated.
#  Successfully updated.
# variable set hash-table stats:
# Load=0/32=0%, Rehash=0, Collisions=0/0=0%

# files hash-table stats:
# Load=10/1024=1%, Rehash=0, Collisions=0/28=0%
# VPATH Search Paths

# No `vpath' search paths.

# No general (`VPATH' variable) search path.

# # of strings in strcache: 1
# # of strcache buffers: 1
# strcache size: total = 4096 / max = 4096 / min = 4096 / avg = 4096
# strcache free: total = 4087 / max = 4087 / min = 4087 / avg = 4087

# Finished Make data base on Mon Mar  7 00:46:42 2022

 
